Running: /opt/Xilinx/14.7/ISE_DS/ISE/bin/lin64/unwrapped/fuse -relaunch -intstyle "ise" -incremental -o "/home/lab661/Documents/xkovac52/Digital-electronics-1/Labs/05-counter_binary/binary_counter/binary_cnt_test_0_isim_beh.exe" -prj "/home/lab661/Documents/xkovac52/Digital-electronics-1/Labs/05-counter_binary/binary_counter/binary_cnt_test_0_beh.prj" "work.binary_cnt_test_0" 
ISim P.20131013 (signature 0xfbc00daa)
Number of CPUs detected in this system: 2
Turning on mult-threading, number of parallel sub-compilation jobs: 4 
Determining compilation order of HDL files
Parsing VHDL file "/home/lab661/Documents/xkovac52/Digital-electronics-1/Labs/05-counter_binary/binary_counter/binary_cnt.vhd" into library work
Parsing VHDL file "/home/lab661/Documents/xkovac52/Digital-electronics-1/Labs/05-counter_binary/binary_counter/binary_cnt_test_0.vhd" into library work
Starting static elaboration
Completed static elaboration
Fuse Memory Usage: 100584 KB
Fuse CPU Usage: 1040 ms
Compiling package standard
Compiling package std_logic_1164
Compiling package std_logic_arith
Compiling package std_logic_unsigned
Compiling architecture behavioral of entity binary_cnt [\binary_cnt(5)\]
Compiling architecture behavior of entity binary_cnt_test_0
Time Resolution for simulation is 1ps.
Compiled 7 VHDL Units
Built simulation executable /home/lab661/Documents/xkovac52/Digital-electronics-1/Labs/05-counter_binary/binary_counter/binary_cnt_test_0_isim_beh.exe
Fuse Memory Usage: 410736 KB
Fuse CPU Usage: 1130 ms
GCC CPU Usage: 230 ms
